9.4709 	INFO 	Loaded monitor calibration from ['2025_08_12 10:43']
9.4851 	WARNING 	User requested fullscreen with size [1024  768], but screen is actually [1920, 1080]. Using actual size
10.0633 	INFO 	Using renderer 'Intel(R) Iris(R) Xe Graphics' for graphics
10.0634 	INFO 	OpenGL version supported by driver is 4..
10.1688 	EXP 	Created window1 = Window(allowGUI=False, allowStencil=False, autoLog=True, backendConf=UNKNOWN, backgroundFit=<method-wrapper '__getattribute__' of attributeSetter object at 0x00000236AD75BB80>, backgroundImage=<method-wrapper '__getattribute__' of attributeSetter object at 0x00000236AD75BB20>, bitsMode=UNKNOWN, blendMode='avg', bpc=(8, 8, 8), color=array([0, 0, 0]), colorSpace='rgb', depthBits=8, fullscr=True, gamma=None, gammaErrorPolicy='raise', infoMsg=UNKNOWN, lms=UNKNOWN, monitor=<psychopy.monitors.calibTools.Monitor object at 0x00000236AD82D480>, multiSample=False, name='window1', numSamples=2, pos=[np.float64(0.0), np.float64(0.0)], screen=0, size=array([1920, 1080]), stencilBits=0, stereo=False, title='PsychoPy', units='height', useFBO=True, useRetina=False, viewOri=0.0, viewPos=None, viewScale=None, waitBlanking=True, winType='pyglet')
10.1689 	EXP 	window1: backgroundImage = ''
10.1689 	EXP 	window1: backgroundFit = 'none'
10.7689 	EXP 	window1: Attempting to measure frame rate of screen (0) ...
10.7690 	EXP 	window1: recordFrameIntervals = False
10.9134 	EXP 	window1: recordFrameIntervals = True
11.0970 	EXP 	Screen (0) actual frame rate measured at 60.05Hz
11.0971 	EXP 	window1: recordFrameIntervals = False
11.1754 	INFO 	keyboard.Keyboard is using ptb backend.
11.1755 	EXP 	orient_discrimination: status = STARTED
11.1814 	EXP 	Created fixation = ShapeStim(__class__=<class 'psychopy.visual.shape.ShapeStim'>, anchor=('center', 'center'), autoDraw=False, autoLog=True, closeShape=True, color=method-wrapper(...), colorSpace='rgb', contrast=None, depth=0.0, draggable=False, fillColor=array([1, 1, 1]), fillColorSpace='rgb', fillRGB=array([1, 1, 1]), interpolate=True, lineColor=array([1., 1., 1.]), lineColorSpace='rgb', lineRGB=array([1, 1, 1]), lineWidth=1.0, name='fixation', opacity=1, ori=0.0, pos=array([0., 0.]), size=array([10., 10.]), units='pix', vertices=ndarray(...), win=Window(...), windingRule=None)
11.2033 	EXP 	Created grating = GratingStim(__class__=<class 'psychopy.visual.grating.GratingStim'>, anchor='center', autoDraw=False, autoLog=True, blendmode='avg', color=array([0.3, 0.3, 0.3]), colorSpace='rgb', contrast=0.3, depth=-1.0, draggable=False, interpolate=True, mask='gauss', maskParams=None, name='grating', opacity=1, ori=1.0, phase=array([0., 0.]), pos=array([0., 0.]), rgbPedestal=array([0., 0., 0.]), sf=array([5., 5.]), size=array([0.2, 0.2]), tex='sin', texRes=128.0, units='height', win=Window(...))
0.0037 	EXP 	New trial (rep=0, index=0): <Trial 0 (0 in rep 0) data={'thisN': 0, 'thisTrialN': 0, 'thisRepN': 0}>
0.0176 	EXP 	grating: ori = np.float64(3.0)
0.0176 	EXP 	fixation: autoDraw = True
1.0098 	INFO 	Keyboard events cleared
1.0097 	EXP 	grating: autoDraw = True
1.0097 	EXP 	grating: tex = 'sin'
1.0263 	EXP 	fixation: autoDraw = False
1.3095 	EXP 	grating: autoDraw = False
1.5230 	EXP 	Device response: <KeyPress from None: t=1.505126400035806, value=up, duration=None>
1.5234 	EXP 	New trial (rep=1, index=0): <Trial 1 (0 in rep 1) data={'thisN': 1, 'thisTrialN': 0, 'thisRepN': 1}>
1.5246 	DATA 	Keypress: up
1.5262 	EXP 	fixation: autoDraw = False
1.5262 	EXP 	grating: autoDraw = False
1.5262 	EXP 	grating: ori = np.float64(-3.0)
1.5262 	EXP 	fixation: autoDraw = True
1.7098 	EXP 	Device response: <KeyPress from None: t=1.505126400035806, value=up, duration=0.18926250003278255>
2.5258 	INFO 	Keyboard events cleared
2.5257 	EXP 	fixation: autoDraw = False
2.5257 	EXP 	grating: autoDraw = True
2.8257 	EXP 	grating: autoDraw = False
3.2095 	EXP 	Device response: <KeyPress from None: t=3.2062331000342965, value=down, duration=None>
3.2098 	EXP 	New trial (rep=2, index=0): <Trial 2 (0 in rep 2) data={'thisN': 2, 'thisTrialN': 0, 'thisRepN': 2}>
3.2111 	DATA 	Keypress: down
3.2257 	EXP 	fixation: autoDraw = False
3.2257 	EXP 	grating: autoDraw = False
3.2257 	EXP 	grating: ori = np.float64(0.0)
3.2257 	EXP 	fixation: autoDraw = True
3.3424 	EXP 	Device response: <KeyPress from None: t=3.2062331000342965, value=down, duration=0.1347544000018388>
4.2089 	INFO 	Keyboard events cleared
4.2088 	EXP 	grating: autoDraw = True
4.2255 	EXP 	fixation: autoDraw = False
4.5084 	EXP 	grating: autoDraw = False
5.2753 	EXP 	Device response: <KeyPress from None: t=5.265783500042744, value=up, duration=None>
5.2757 	EXP 	New trial (rep=3, index=0): <Trial 3 (0 in rep 3) data={'thisN': 3, 'thisTrialN': 0, 'thisRepN': 3}>
5.2773 	DATA 	Keypress: up
5.2914 	EXP 	fixation: autoDraw = False
5.2914 	EXP 	grating: autoDraw = False
5.2914 	EXP 	grating: ori = np.float64(4.0)
5.2914 	EXP 	fixation: autoDraw = True
5.4754 	EXP 	Device response: <KeyPress from None: t=5.265783500042744, value=up, duration=0.20696209999732673>
6.2748 	INFO 	Keyboard events cleared
6.2747 	EXP 	grating: autoDraw = True
6.2912 	EXP 	fixation: autoDraw = False
6.5745 	EXP 	grating: autoDraw = False
9.1074 	EXP 	Device response: <KeyPress from None: t=9.095458599971607, value=left, duration=None>
9.1082 	DATA 	Keypress: left
9.3403 	EXP 	Device response: <KeyPress from None: t=9.095458599971607, value=left, duration=0.24164490005932748>
10.9902 	EXP 	Device response: <KeyPress from None: t=10.988044400000945, value=down, duration=None>
10.9905 	EXP 	New trial (rep=4, index=0): <Trial 4 (0 in rep 4) data={'thisN': 4, 'thisTrialN': 0, 'thisRepN': 4}>
10.9918 	DATA 	Keypress: down
11.0064 	EXP 	fixation: autoDraw = False
11.0064 	EXP 	grating: autoDraw = False
11.0064 	EXP 	grating: ori = np.float64(3.0)
11.0064 	EXP 	fixation: autoDraw = True
11.1899 	EXP 	Device response: <KeyPress from None: t=10.988044400000945, value=down, duration=0.1899571999674663>
12.0064 	INFO 	Keyboard events cleared
12.0063 	EXP 	fixation: autoDraw = False
12.0063 	EXP 	grating: autoDraw = True
12.3060 	EXP 	grating: autoDraw = False
12.4399 	EXP 	Device response: <KeyPress from None: t=12.426744400057942, value=up, duration=None>
12.4404 	EXP 	New trial (rep=5, index=0): <Trial 5 (0 in rep 5) data={'thisN': 5, 'thisTrialN': 0, 'thisRepN': 5}>
12.4422 	DATA 	Keypress: up
12.4560 	EXP 	fixation: autoDraw = False
12.4560 	EXP 	grating: autoDraw = False
12.4560 	EXP 	grating: ori = np.float64(-2.0)
12.4560 	EXP 	fixation: autoDraw = True
12.6062 	EXP 	Device response: <KeyPress from None: t=12.426744400057942, value=up, duration=0.1782027999870479>
13.4558 	INFO 	Keyboard events cleared
13.4556 	EXP 	fixation: autoDraw = False
13.4556 	EXP 	grating: autoDraw = True
13.7554 	EXP 	grating: autoDraw = False
14.3057 	EXP 	Device response: <KeyPress from None: t=14.29548990004696, value=up, duration=None>
14.3061 	EXP 	New trial (rep=6, index=0): <Trial 6 (0 in rep 6) data={'thisN': 6, 'thisTrialN': 0, 'thisRepN': 6}>
14.3074 	DATA 	Keypress: up
14.3218 	EXP 	fixation: autoDraw = False
14.3218 	EXP 	grating: autoDraw = False
14.3218 	EXP 	grating: ori = np.float64(0.0)
14.3218 	EXP 	fixation: autoDraw = True
14.5057 	EXP 	Device response: <KeyPress from None: t=14.29548990004696, value=up, duration=0.2013318999670446>
15.3050 	INFO 	Keyboard events cleared
15.3049 	EXP 	grating: autoDraw = True
15.3215 	EXP 	fixation: autoDraw = False
15.6049 	EXP 	grating: autoDraw = False
15.9715 	EXP 	Device response: <KeyPress from None: t=15.95597320003435, value=up, duration=None>
15.9718 	EXP 	New trial (rep=7, index=0): <Trial 7 (0 in rep 7) data={'thisN': 7, 'thisTrialN': 0, 'thisRepN': 7}>
15.9736 	DATA 	Keypress: up
15.9880 	EXP 	fixation: autoDraw = False
15.9880 	EXP 	grating: autoDraw = False
15.9880 	EXP 	grating: ori = np.float64(1.0)
15.9880 	EXP 	fixation: autoDraw = True
16.1715 	EXP 	Device response: <KeyPress from None: t=15.95597320003435, value=up, duration=0.21283470001071692>
16.9708 	INFO 	Keyboard events cleared
16.9707 	EXP 	grating: autoDraw = True
16.9877 	EXP 	fixation: autoDraw = False
17.2707 	EXP 	grating: autoDraw = False
17.4545 	EXP 	Device response: <KeyPress from None: t=17.44044490007218, value=up, duration=None>
17.4548 	EXP 	New trial (rep=8, index=0): <Trial 8 (0 in rep 8) data={'thisN': 8, 'thisTrialN': 0, 'thisRepN': 8}>
17.4561 	DATA 	Keypress: up
17.4707 	EXP 	fixation: autoDraw = False
17.4707 	EXP 	grating: autoDraw = False
17.4707 	EXP 	grating: ori = np.float64(1.0)
17.4707 	EXP 	fixation: autoDraw = True
17.6543 	EXP 	Device response: <KeyPress from None: t=17.44044490007218, value=up, duration=0.2117182998917997>
18.4540 	INFO 	Keyboard events cleared
18.4538 	EXP 	grating: autoDraw = True
18.4705 	EXP 	fixation: autoDraw = False
18.7536 	EXP 	grating: autoDraw = False
18.8875 	EXP 	Device response: <KeyPress from None: t=18.88506610004697, value=up, duration=None>
18.8880 	EXP 	New trial (rep=9, index=0): <Trial 9 (0 in rep 9) data={'thisN': 9, 'thisTrialN': 0, 'thisRepN': 9}>
18.8893 	DATA 	Keypress: up
18.9036 	EXP 	fixation: autoDraw = False
18.9036 	EXP 	grating: autoDraw = False
18.9036 	EXP 	grating: ori = np.float64(3.0)
18.9036 	EXP 	fixation: autoDraw = True
19.1206 	EXP 	Device response: <KeyPress from None: t=18.88506610004697, value=up, duration=0.21909489994868636>
19.9035 	INFO 	Keyboard events cleared
19.9034 	EXP 	fixation: autoDraw = False
19.9034 	EXP 	grating: autoDraw = True
20.2032 	EXP 	grating: autoDraw = False
20.2537 	EXP 	Device response: <KeyPress from None: t=20.248612600029446, value=down, duration=None>
20.2541 	EXP 	New trial (rep=10, index=0): <Trial 10 (0 in rep 10) data={'thisN': 10, 'thisTrialN': 0, 'thisRepN': 10}>
20.2553 	DATA 	Keypress: down
20.2698 	EXP 	fixation: autoDraw = False
20.2698 	EXP 	grating: autoDraw = False
20.2698 	EXP 	grating: ori = np.float64(-2.0)
20.2698 	EXP 	fixation: autoDraw = True
20.4870 	EXP 	Device response: <KeyPress from None: t=20.248612600029446, value=down, duration=0.2283361000008881>
21.2531 	INFO 	Keyboard events cleared
21.2530 	EXP 	grating: autoDraw = True
21.2696 	EXP 	fixation: autoDraw = False
21.5531 	EXP 	grating: autoDraw = False
21.6367 	EXP 	Device response: <KeyPress from None: t=21.626747200032696, value=down, duration=None>
21.6369 	EXP 	New trial (rep=11, index=0): <Trial 11 (0 in rep 11) data={'thisN': 11, 'thisTrialN': 0, 'thisRepN': 11}>
21.6379 	DATA 	Keypress: down
21.6526 	EXP 	fixation: autoDraw = False
21.6526 	EXP 	grating: autoDraw = False
21.6526 	EXP 	grating: ori = np.float64(0.0)
21.6526 	EXP 	fixation: autoDraw = True
21.7700 	EXP 	Device response: <KeyPress from None: t=21.626747200032696, value=down, duration=0.13112689997069538>
22.6362 	INFO 	Keyboard events cleared
22.6359 	EXP 	grating: autoDraw = True
22.6528 	EXP 	fixation: autoDraw = False
22.9359 	EXP 	grating: autoDraw = False
23.1364 	EXP 	Device response: <KeyPress from None: t=23.135988499969244, value=up, duration=None>
23.1371 	DATA 	Keypress: up
23.1532 	EXP 	New trial (rep=12, index=0): <Trial 12 (0 in rep 12) data={'thisN': 12, 'thisTrialN': 0, 'thisRepN': 12}>
23.1691 	EXP 	fixation: autoDraw = False
23.1691 	EXP 	grating: autoDraw = False
23.1691 	EXP 	grating: ori = np.float64(1.0)
23.1691 	EXP 	fixation: autoDraw = True
23.3697 	EXP 	Device response: <KeyPress from None: t=23.135988499969244, value=up, duration=0.21710430004168302>
24.1688 	INFO 	Keyboard events cleared
24.1686 	EXP 	fixation: autoDraw = False
24.1686 	EXP 	grating: autoDraw = True
24.4683 	EXP 	grating: autoDraw = False
24.6857 	EXP 	Device response: <KeyPress from None: t=24.68305540003348, value=up, duration=None>
24.6862 	EXP 	New trial (rep=13, index=0): <Trial 13 (0 in rep 13) data={'thisN': 13, 'thisTrialN': 0, 'thisRepN': 13}>
24.6876 	DATA 	Keypress: up
24.7020 	EXP 	fixation: autoDraw = False
24.7020 	EXP 	grating: autoDraw = False
24.7020 	EXP 	grating: ori = np.float64(3.0)
24.7020 	EXP 	fixation: autoDraw = True
24.9190 	EXP 	Device response: <KeyPress from None: t=24.68305540003348, value=up, duration=0.2345323000336066>
25.6853 	INFO 	Keyboard events cleared
25.6852 	EXP 	grating: autoDraw = True
25.7018 	EXP 	fixation: autoDraw = False
25.9850 	EXP 	grating: autoDraw = False
26.1687 	EXP 	Device response: <KeyPress from None: t=26.157491700025275, value=up, duration=None>
26.1690 	EXP 	New trial (rep=14, index=0): <Trial 14 (0 in rep 14) data={'thisN': 14, 'thisTrialN': 0, 'thisRepN': 14}>
26.1704 	DATA 	Keypress: up
26.1848 	EXP 	fixation: autoDraw = False
26.1848 	EXP 	grating: autoDraw = False
26.1848 	EXP 	grating: ori = np.float64(0.0)
26.1848 	EXP 	fixation: autoDraw = True
26.3686 	EXP 	Device response: <KeyPress from None: t=26.157491700025275, value=up, duration=0.19483659998513758>
27.1681 	INFO 	Keyboard events cleared
27.1679 	EXP 	grating: autoDraw = True
27.1846 	EXP 	fixation: autoDraw = False
27.4678 	EXP 	grating: autoDraw = False
27.6178 	EXP 	Device response: <KeyPress from None: t=27.611586699960753, value=down, duration=None>
27.6182 	EXP 	New trial (rep=15, index=0): <Trial 15 (0 in rep 15) data={'thisN': 15, 'thisTrialN': 0, 'thisRepN': 15}>
27.6195 	DATA 	Keypress: down
27.6340 	EXP 	fixation: autoDraw = False
27.6340 	EXP 	grating: autoDraw = False
27.6340 	EXP 	grating: ori = np.float64(0.0)
27.6340 	EXP 	fixation: autoDraw = True
27.8344 	EXP 	Device response: <KeyPress from None: t=27.611586699960753, value=down, duration=0.21794820006471127>
28.6176 	INFO 	Keyboard events cleared
28.6174 	EXP 	grating: autoDraw = True
28.6343 	EXP 	fixation: autoDraw = False
28.9170 	EXP 	grating: autoDraw = False
29.1844 	EXP 	Device response: <KeyPress from None: t=29.17898820003029, value=down, duration=None>
29.1849 	EXP 	New trial (rep=16, index=0): <Trial 16 (0 in rep 16) data={'thisN': 16, 'thisTrialN': 0, 'thisRepN': 16}>
29.1863 	DATA 	Keypress: down
29.2005 	EXP 	fixation: autoDraw = False
29.2005 	EXP 	grating: autoDraw = False
29.2005 	EXP 	grating: ori = np.float64(-5.0)
29.2005 	EXP 	fixation: autoDraw = True
29.4347 	EXP 	Device response: <KeyPress from None: t=29.17898820003029, value=down, duration=0.2517341999337077>
30.2004 	INFO 	Keyboard events cleared
30.2002 	EXP 	fixation: autoDraw = False
30.2002 	EXP 	grating: autoDraw = True
30.5000 	EXP 	grating: autoDraw = False
30.6838 	EXP 	Device response: <KeyPress from None: t=30.680672600050457, value=down, duration=None>
30.6842 	EXP 	New trial (rep=17, index=0): <Trial 17 (0 in rep 17) data={'thisN': 17, 'thisTrialN': 0, 'thisRepN': 17}>
30.6857 	DATA 	Keypress: down
30.7001 	EXP 	fixation: autoDraw = False
30.7001 	EXP 	grating: autoDraw = False
30.7001 	EXP 	grating: ori = np.float64(0.0)
30.7001 	EXP 	fixation: autoDraw = True
30.8839 	EXP 	Device response: <KeyPress from None: t=30.680672600050457, value=down, duration=0.19038889999501407>
31.7000 	INFO 	Keyboard events cleared
31.6998 	EXP 	fixation: autoDraw = False
31.6998 	EXP 	grating: autoDraw = True
31.9996 	EXP 	grating: autoDraw = False
32.3164 	EXP 	Device response: <KeyPress from None: t=32.30749120004475, value=down, duration=None>
32.3167 	EXP 	New trial (rep=18, index=0): <Trial 18 (0 in rep 18) data={'thisN': 18, 'thisTrialN': 0, 'thisRepN': 18}>
32.3183 	DATA 	Keypress: down
32.3326 	EXP 	fixation: autoDraw = False
32.3326 	EXP 	grating: autoDraw = False
32.3326 	EXP 	grating: ori = np.float64(0.0)
32.3326 	EXP 	fixation: autoDraw = True
32.4832 	EXP 	Device response: <KeyPress from None: t=32.30749120004475, value=down, duration=0.1632473999634385>
33.3157 	INFO 	Keyboard events cleared
33.3156 	EXP 	grating: autoDraw = True
33.3322 	EXP 	fixation: autoDraw = False
33.6155 	EXP 	grating: autoDraw = False
33.8494 	EXP 	Device response: <KeyPress from None: t=33.84624560002703, value=up, duration=None>
33.8497 	EXP 	New trial (rep=19, index=0): <Trial 19 (0 in rep 19) data={'thisN': 19, 'thisTrialN': 0, 'thisRepN': 19}>
33.8512 	DATA 	Keypress: up
33.8656 	EXP 	fixation: autoDraw = False
33.8656 	EXP 	grating: autoDraw = False
33.8656 	EXP 	grating: ori = np.float64(0.0)
33.8656 	EXP 	fixation: autoDraw = True
34.0660 	EXP 	Device response: <KeyPress from None: t=33.84624560002703, value=up, duration=0.20857030001934618>
34.8488 	INFO 	Keyboard events cleared
34.8487 	EXP 	grating: autoDraw = True
34.8654 	EXP 	fixation: autoDraw = False
35.1481 	EXP 	grating: autoDraw = False
35.2657 	EXP 	Device response: <KeyPress from None: t=35.254976400057785, value=up, duration=None>
35.2660 	EXP 	New trial (rep=20, index=0): <Trial 20 (0 in rep 20) data={'thisN': 20, 'thisTrialN': 0, 'thisRepN': 20}>
35.2681 	DATA 	Keypress: up
35.2817 	EXP 	fixation: autoDraw = False
35.2817 	EXP 	grating: autoDraw = False
35.2817 	EXP 	grating: ori = np.float64(0.0)
35.2817 	EXP 	fixation: autoDraw = True
35.4321 	EXP 	Device response: <KeyPress from None: t=35.254976400057785, value=up, duration=0.17413659999147058>
36.2818 	INFO 	Keyboard events cleared
36.2816 	EXP 	fixation: autoDraw = False
36.2816 	EXP 	grating: autoDraw = True
36.5813 	EXP 	grating: autoDraw = False
36.7813 	EXP 	Device response: <KeyPress from None: t=36.77707499999087, value=up, duration=None>
36.7817 	EXP 	New trial (rep=21, index=0): <Trial 21 (0 in rep 21) data={'thisN': 21, 'thisTrialN': 0, 'thisRepN': 21}>
36.7835 	DATA 	Keypress: up
36.7976 	EXP 	fixation: autoDraw = False
36.7976 	EXP 	grating: autoDraw = False
36.7976 	EXP 	grating: ori = np.float64(0.0)
36.7976 	EXP 	fixation: autoDraw = True
36.9815 	EXP 	Device response: <KeyPress from None: t=36.77707499999087, value=up, duration=0.2025686000706628>
37.7812 	INFO 	Keyboard events cleared
37.7810 	EXP 	grating: autoDraw = True
37.7976 	EXP 	fixation: autoDraw = False
38.0807 	EXP 	grating: autoDraw = False
38.2813 	EXP 	Device response: <KeyPress from None: t=38.27794359996915, value=up, duration=None>
38.2818 	EXP 	New trial (rep=22, index=0): <Trial 22 (0 in rep 22) data={'thisN': 22, 'thisTrialN': 0, 'thisRepN': 22}>
38.2833 	DATA 	Keypress: up
38.2972 	EXP 	fixation: autoDraw = False
38.2972 	EXP 	grating: autoDraw = False
38.2972 	EXP 	grating: ori = np.float64(-3.0)
38.2972 	EXP 	fixation: autoDraw = True
38.4648 	EXP 	Device response: <KeyPress from None: t=38.27794359996915, value=up, duration=0.18609600001946092>
39.2974 	INFO 	Keyboard events cleared
39.2972 	EXP 	fixation: autoDraw = False
39.2972 	EXP 	grating: autoDraw = True
39.5970 	EXP 	grating: autoDraw = False
39.7808 	EXP 	Device response: <KeyPress from None: t=39.770908900070935, value=up, duration=None>
39.7812 	EXP 	New trial (rep=23, index=0): <Trial 23 (0 in rep 23) data={'thisN': 23, 'thisTrialN': 0, 'thisRepN': 23}>
39.7826 	DATA 	Keypress: up
39.7967 	EXP 	fixation: autoDraw = False
39.7967 	EXP 	grating: autoDraw = False
39.7967 	EXP 	grating: ori = np.float64(0.0)
39.7967 	EXP 	fixation: autoDraw = True
39.9809 	EXP 	Device response: <KeyPress from None: t=39.770908900070935, value=up, duration=0.2085691998945549>
40.7969 	INFO 	Keyboard events cleared
40.7967 	EXP 	fixation: autoDraw = False
40.7967 	EXP 	grating: autoDraw = True
41.0965 	EXP 	grating: autoDraw = False
41.2470 	EXP 	Device response: <KeyPress from None: t=41.24367970007006, value=up, duration=None>
41.2474 	EXP 	New trial (rep=24, index=0): <Trial 24 (0 in rep 24) data={'thisN': 24, 'thisTrialN': 0, 'thisRepN': 24}>
41.2490 	DATA 	Keypress: up
41.2628 	EXP 	fixation: autoDraw = False
41.2628 	EXP 	grating: autoDraw = False
41.2628 	EXP 	grating: ori = np.float64(0.0)
41.2628 	EXP 	fixation: autoDraw = True
41.4295 	EXP 	Device response: <KeyPress from None: t=41.24367970007006, value=up, duration=0.1845207998994738>
42.2628 	INFO 	Keyboard events cleared
42.2627 	EXP 	fixation: autoDraw = False
42.2627 	EXP 	grating: autoDraw = True
42.5621 	EXP 	grating: autoDraw = False
42.8630 	EXP 	Device response: <KeyPress from None: t=42.85097360005602, value=up, duration=None>
42.8635 	EXP 	New trial (rep=25, index=0): <Trial 25 (0 in rep 25) data={'thisN': 25, 'thisTrialN': 0, 'thisRepN': 25}>
42.8650 	DATA 	Keypress: up
42.8791 	EXP 	fixation: autoDraw = False
42.8791 	EXP 	grating: autoDraw = False
42.8791 	EXP 	grating: ori = np.float64(4.0)
42.8791 	EXP 	fixation: autoDraw = True
43.0628 	EXP 	Device response: <KeyPress from None: t=42.85097360005602, value=up, duration=0.20929169992450625>
43.8794 	INFO 	Keyboard events cleared
43.8790 	EXP 	fixation: autoDraw = False
43.8790 	EXP 	grating: autoDraw = True
44.1787 	EXP 	grating: autoDraw = False
44.2793 	EXP 	Device response: <KeyPress from None: t=44.275431300047785, value=down, duration=None>
44.2797 	EXP 	New trial (rep=26, index=0): <Trial 26 (0 in rep 26) data={'thisN': 26, 'thisTrialN': 0, 'thisRepN': 26}>
44.2812 	DATA 	Keypress: down
44.2955 	EXP 	fixation: autoDraw = False
44.2955 	EXP 	grating: autoDraw = False
44.2955 	EXP 	grating: ori = np.float64(2.0)
44.2955 	EXP 	fixation: autoDraw = True
44.4790 	EXP 	Device response: <KeyPress from None: t=44.275431300047785, value=down, duration=0.19537219998892397>
45.2952 	INFO 	Keyboard events cleared
45.2950 	EXP 	fixation: autoDraw = False
45.2950 	EXP 	grating: autoDraw = True
45.5947 	EXP 	grating: autoDraw = False
45.6287 	EXP 	Device response: <KeyPress from None: t=45.61903339996934, value=down, duration=None>
45.6292 	EXP 	New trial (rep=27, index=0): <Trial 27 (0 in rep 27) data={'thisN': 27, 'thisTrialN': 0, 'thisRepN': 27}>
45.6306 	DATA 	Keypress: down
45.6449 	EXP 	fixation: autoDraw = False
45.6449 	EXP 	grating: autoDraw = False
45.6449 	EXP 	grating: ori = np.float64(3.0)
45.6449 	EXP 	fixation: autoDraw = True
45.8284 	EXP 	Device response: <KeyPress from None: t=45.61903339996934, value=down, duration=0.2022700000088662>
46.6448 	INFO 	Keyboard events cleared
46.6446 	EXP 	fixation: autoDraw = False
46.6446 	EXP 	grating: autoDraw = True
46.9443 	EXP 	grating: autoDraw = False
46.9782 	EXP 	Device response: <KeyPress from None: t=46.97660890000407, value=down, duration=None>
46.9786 	EXP 	New trial (rep=28, index=0): <Trial 28 (0 in rep 28) data={'thisN': 28, 'thisTrialN': 0, 'thisRepN': 28}>
46.9801 	DATA 	Keypress: down
46.9943 	EXP 	fixation: autoDraw = False
46.9943 	EXP 	grating: autoDraw = False
46.9943 	EXP 	grating: ori = np.float64(-5.0)
46.9943 	EXP 	fixation: autoDraw = True
47.1113 	EXP 	Device response: <KeyPress from None: t=46.97660890000407, value=down, duration=0.12480720004532486>
47.9778 	INFO 	Keyboard events cleared
47.9776 	EXP 	grating: autoDraw = True
47.9942 	EXP 	fixation: autoDraw = False
48.2608 	EXP 	Device response: <KeyPress from None: t=48.2572595999809, value=down, duration=None>
48.2610 	EXP 	New trial (rep=29, index=0): <Trial 29 (0 in rep 29) data={'thisN': 29, 'thisTrialN': 0, 'thisRepN': 29}>
48.2620 	DATA 	Keypress: down
48.2769 	EXP 	grating: autoDraw = False
48.2769 	EXP 	fixation: autoDraw = False
48.2769 	EXP 	grating: autoDraw = False
48.2769 	EXP 	grating: ori = np.float64(0.0)
48.2769 	EXP 	fixation: autoDraw = True
48.4445 	EXP 	Device response: <KeyPress from None: t=48.2572595999809, value=down, duration=0.18562100001145154>
49.2602 	INFO 	Keyboard events cleared
49.2601 	EXP 	grating: autoDraw = True
49.2769 	EXP 	fixation: autoDraw = False
49.5602 	EXP 	grating: autoDraw = False
49.7286 	DATA 	Keypress: down
49.7441 	EXP 	Device response: <KeyPress from None: t=49.727305600070395, value=down, duration=None>
49.7446 	EXP 	New trial (rep=30, index=0): <Trial 30 (0 in rep 30) data={'thisN': 30, 'thisTrialN': 0, 'thisRepN': 30}>
49.7600 	EXP 	fixation: autoDraw = False
49.7600 	EXP 	grating: autoDraw = False
49.7600 	EXP 	grating: ori = np.float64(-4.0)
49.7600 	EXP 	fixation: autoDraw = True
49.8439 	EXP 	Device response: <KeyPress from None: t=49.727305600070395, value=down, duration=0.11464689997956157>
50.7600 	INFO 	Keyboard events cleared
50.7598 	EXP 	fixation: autoDraw = False
50.7598 	EXP 	grating: autoDraw = True
51.0598 	EXP 	grating: autoDraw = False
51.0938 	EXP 	Device response: <KeyPress from None: t=51.086369600030594, value=up, duration=None>
51.0942 	EXP 	New trial (rep=31, index=0): <Trial 31 (0 in rep 31) data={'thisN': 31, 'thisTrialN': 0, 'thisRepN': 31}>
51.0958 	DATA 	Keypress: up
51.1096 	EXP 	fixation: autoDraw = False
51.1096 	EXP 	grating: autoDraw = False
51.1096 	EXP 	grating: ori = np.float64(0.0)
51.1096 	EXP 	fixation: autoDraw = True
51.2766 	EXP 	Device response: <KeyPress from None: t=51.086369600030594, value=up, duration=0.18567080004140735>
52.1095 	INFO 	Keyboard events cleared
52.1094 	EXP 	fixation: autoDraw = False
52.1094 	EXP 	grating: autoDraw = True
52.4093 	EXP 	grating: autoDraw = False
52.5605 	DATA 	Keypress: down
52.5765 	EXP 	Device response: <KeyPress from None: t=52.55985319998581, value=down, duration=None>
52.5769 	EXP 	New trial (rep=32, index=0): <Trial 32 (0 in rep 32) data={'thisN': 32, 'thisTrialN': 0, 'thisRepN': 32}>
52.5926 	EXP 	fixation: autoDraw = False
52.5926 	EXP 	grating: autoDraw = False
52.5926 	EXP 	grating: ori = np.float64(1.0)
52.5926 	EXP 	fixation: autoDraw = True
52.7430 	EXP 	Device response: <KeyPress from None: t=52.55985319998581, value=down, duration=0.17961280001327395>
53.5924 	INFO 	Keyboard events cleared
53.5922 	EXP 	fixation: autoDraw = False
53.5922 	EXP 	grating: autoDraw = True
53.8918 	EXP 	grating: autoDraw = False
54.1091 	EXP 	Device response: <KeyPress from None: t=54.10509980004281, value=down, duration=None>
54.1095 	EXP 	New trial (rep=33, index=0): <Trial 33 (0 in rep 33) data={'thisN': 33, 'thisTrialN': 0, 'thisRepN': 33}>
54.1110 	DATA 	Keypress: down
54.1254 	EXP 	fixation: autoDraw = False
54.1254 	EXP 	grating: autoDraw = False
54.1254 	EXP 	grating: ori = np.float64(4.0)
54.1254 	EXP 	fixation: autoDraw = True
54.3093 	EXP 	Device response: <KeyPress from None: t=54.10509980004281, value=down, duration=0.1920352999586612>
55.1248 	INFO 	Keyboard events cleared
55.1247 	EXP 	fixation: autoDraw = False
55.1247 	EXP 	grating: autoDraw = True
55.4250 	EXP 	grating: autoDraw = False
55.6920 	EXP 	Device response: <KeyPress from None: t=55.67604020005092, value=down, duration=None>
55.6925 	EXP 	New trial (rep=34, index=0): <Trial 34 (0 in rep 34) data={'thisN': 34, 'thisTrialN': 0, 'thisRepN': 34}>
55.6940 	DATA 	Keypress: down
55.7082 	EXP 	fixation: autoDraw = False
55.7082 	EXP 	grating: autoDraw = False
55.7082 	EXP 	grating: ori = np.float64(0.0)
55.7082 	EXP 	fixation: autoDraw = True
55.8583 	EXP 	Device response: <KeyPress from None: t=55.67604020005092, value=down, duration=0.18022589990869164>
56.7081 	INFO 	Keyboard events cleared
56.7078 	EXP 	fixation: autoDraw = False
56.7078 	EXP 	grating: autoDraw = True
57.0080 	EXP 	grating: autoDraw = False
57.2413 	EXP 	Device response: <KeyPress from None: t=57.233387500047684, value=down, duration=None>
57.2416 	EXP 	New trial (rep=35, index=0): <Trial 35 (0 in rep 35) data={'thisN': 35, 'thisTrialN': 0, 'thisRepN': 35}>
57.2432 	DATA 	Keypress: down
57.2573 	EXP 	fixation: autoDraw = False
57.2573 	EXP 	grating: autoDraw = False
57.2573 	EXP 	grating: ori = np.float64(0.0)
57.2573 	EXP 	fixation: autoDraw = True
57.2746 	EXP 	Device response: <KeyPress from None: t=57.262884599971585, value=up, duration=None>
57.2758 	DATA 	Keypress: up
57.2911 	EXP 	Device response: <KeyPress from None: t=57.233387500047684, value=down, duration=0.04318609996698797>
57.6081 	EXP 	Device response: <KeyPress from None: t=57.262884599971585, value=up, duration=0.3437120000598952>
58.2408 	INFO 	Keyboard events cleared
58.2407 	EXP 	grating: autoDraw = True
58.2574 	EXP 	fixation: autoDraw = False
58.5401 	EXP 	grating: autoDraw = False
58.8576 	EXP 	Device response: <KeyPress from None: t=58.84612380003091, value=down, duration=None>
58.8580 	EXP 	New trial (rep=36, index=0): <Trial 36 (0 in rep 36) data={'thisN': 36, 'thisTrialN': 0, 'thisRepN': 36}>
58.8595 	DATA 	Keypress: down
58.8738 	EXP 	fixation: autoDraw = False
58.8738 	EXP 	grating: autoDraw = False
58.8738 	EXP 	grating: ori = np.float64(-5.0)
58.8738 	EXP 	fixation: autoDraw = True
59.0576 	EXP 	Device response: <KeyPress from None: t=58.84612380003091, value=down, duration=0.21014280000235885>
59.8737 	INFO 	Keyboard events cleared
59.8735 	EXP 	fixation: autoDraw = False
59.8735 	EXP 	grating: autoDraw = True
60.1731 	EXP 	grating: autoDraw = False
60.2906 	EXP 	Device response: <KeyPress from None: t=60.28027550003026, value=up, duration=None>
60.2910 	EXP 	New trial (rep=37, index=0): <Trial 37 (0 in rep 37) data={'thisN': 37, 'thisTrialN': 0, 'thisRepN': 37}>
60.2925 	DATA 	Keypress: up
60.3066 	EXP 	fixation: autoDraw = False
60.3066 	EXP 	grating: autoDraw = False
60.3066 	EXP 	grating: ori = np.float64(4.0)
60.3066 	EXP 	fixation: autoDraw = True
60.5073 	EXP 	Device response: <KeyPress from None: t=60.28027550003026, value=up, duration=0.21206139994319528>
61.3064 	INFO 	Keyboard events cleared
61.3063 	EXP 	fixation: autoDraw = False
61.3063 	EXP 	grating: autoDraw = True
61.6061 	EXP 	grating: autoDraw = False
61.7733 	EXP 	Device response: <KeyPress from None: t=61.75658859999385, value=down, duration=None>
61.7736 	EXP 	New trial (rep=38, index=0): <Trial 38 (0 in rep 38) data={'thisN': 38, 'thisTrialN': 0, 'thisRepN': 38}>
61.7748 	DATA 	Keypress: down
61.7893 	EXP 	fixation: autoDraw = False
61.7893 	EXP 	grating: autoDraw = False
61.7893 	EXP 	grating: ori = np.float64(0.0)
61.7893 	EXP 	fixation: autoDraw = True
61.9060 	EXP 	Device response: <KeyPress from None: t=61.75658859999385, value=down, duration=0.14161970000714064>
62.7893 	INFO 	Keyboard events cleared
62.7891 	EXP 	fixation: autoDraw = False
62.7891 	EXP 	grating: autoDraw = True
63.0887 	EXP 	grating: autoDraw = False
63.4391 	EXP 	Device response: <KeyPress from None: t=63.436779299983755, value=up, duration=None>
63.4396 	EXP 	New trial (rep=39, index=0): <Trial 39 (0 in rep 39) data={'thisN': 39, 'thisTrialN': 0, 'thisRepN': 39}>
63.4416 	DATA 	Keypress: up
63.4552 	EXP 	fixation: autoDraw = False
63.4552 	EXP 	grating: autoDraw = False
63.4552 	EXP 	grating: ori = np.float64(0.0)
63.4552 	EXP 	fixation: autoDraw = True
63.6892 	EXP 	Device response: <KeyPress from None: t=63.436779299983755, value=up, duration=0.24507030006498098>
64.4388 	INFO 	Keyboard events cleared
64.4387 	EXP 	grating: autoDraw = True
64.4553 	EXP 	fixation: autoDraw = False
64.7384 	EXP 	grating: autoDraw = False
64.9055 	EXP 	Device response: <KeyPress from None: t=64.8973876000382, value=down, duration=None>
64.9060 	EXP 	New trial (rep=40, index=0): <Trial 40 (0 in rep 40) data={'thisN': 40, 'thisTrialN': 0, 'thisRepN': 40}>
64.9074 	DATA 	Keypress: down
64.9215 	EXP 	fixation: autoDraw = False
64.9215 	EXP 	grating: autoDraw = False
64.9215 	EXP 	grating: ori = np.float64(4.0)
64.9215 	EXP 	fixation: autoDraw = True
65.0721 	EXP 	Device response: <KeyPress from None: t=64.8973876000382, value=down, duration=0.16849599999841303>
65.9217 	INFO 	Keyboard events cleared
65.9215 	EXP 	fixation: autoDraw = False
65.9215 	EXP 	grating: autoDraw = True
66.2213 	EXP 	grating: autoDraw = False
66.5875 	EXP 	Device response: <KeyPress from None: t=66.58536150003783, value=down, duration=None>
66.5878 	EXP 	New trial (rep=41, index=0): <Trial 41 (0 in rep 41) data={'thisN': 41, 'thisTrialN': 0, 'thisRepN': 41}>
66.5888 	DATA 	Keypress: down
66.6039 	EXP 	fixation: autoDraw = False
66.6039 	EXP 	grating: autoDraw = False
66.6039 	EXP 	grating: ori = np.float64(2.0)
66.6039 	EXP 	fixation: autoDraw = True
66.7381 	EXP 	Device response: <KeyPress from None: t=66.58536150003783, value=down, duration=0.14732160000130534>
67.5876 	INFO 	Keyboard events cleared
67.5875 	EXP 	grating: autoDraw = True
67.6042 	EXP 	fixation: autoDraw = False
67.8873 	EXP 	grating: autoDraw = False
68.2044 	EXP 	Device response: <KeyPress from None: t=68.19814310001675, value=down, duration=None>
68.2048 	EXP 	New trial (rep=42, index=0): <Trial 42 (0 in rep 42) data={'thisN': 42, 'thisTrialN': 0, 'thisRepN': 42}>
68.2062 	DATA 	Keypress: down
68.2205 	EXP 	fixation: autoDraw = False
68.2205 	EXP 	grating: autoDraw = False
68.2205 	EXP 	grating: ori = np.float64(0.0)
68.2205 	EXP 	fixation: autoDraw = True
68.3878 	EXP 	Device response: <KeyPress from None: t=68.19814310001675, value=down, duration=0.1803211000515148>
69.2205 	INFO 	Keyboard events cleared
69.2203 	EXP 	fixation: autoDraw = False
69.2203 	EXP 	grating: autoDraw = True
69.5201 	EXP 	grating: autoDraw = False
69.9045 	DATA 	Keypress: up
69.9205 	EXP 	Device response: <KeyPress from None: t=69.90408780006692, value=up, duration=None>
69.9210 	EXP 	New trial (rep=43, index=0): <Trial 43 (0 in rep 43) data={'thisN': 43, 'thisTrialN': 0, 'thisRepN': 43}>
69.9367 	EXP 	fixation: autoDraw = False
69.9367 	EXP 	grating: autoDraw = False
69.9367 	EXP 	grating: ori = np.float64(0.0)
69.9367 	EXP 	fixation: autoDraw = True
70.1531 	EXP 	Device response: <KeyPress from None: t=69.90408780006692, value=up, duration=0.23824699991382658>
70.9366 	INFO 	Keyboard events cleared
70.9364 	EXP 	fixation: autoDraw = False
70.9364 	EXP 	grating: autoDraw = True
71.2358 	EXP 	grating: autoDraw = False
71.5032 	EXP 	Device response: <KeyPress from None: t=71.48921120003797, value=down, duration=None>
71.5036 	EXP 	New trial (rep=44, index=0): <Trial 44 (0 in rep 44) data={'thisN': 44, 'thisTrialN': 0, 'thisRepN': 44}>
71.5051 	DATA 	Keypress: down
71.5195 	EXP 	fixation: autoDraw = False
71.5195 	EXP 	grating: autoDraw = False
71.5195 	EXP 	grating: ori = np.float64(0.0)
71.5195 	EXP 	fixation: autoDraw = True
71.7201 	EXP 	Device response: <KeyPress from None: t=71.48921120003797, value=down, duration=0.22472599998582155>
72.5192 	INFO 	Keyboard events cleared
72.5190 	EXP 	fixation: autoDraw = False
72.5190 	EXP 	grating: autoDraw = True
72.8189 	EXP 	grating: autoDraw = False
73.0860 	EXP 	Device response: <KeyPress from None: t=73.0847739999881, value=down, duration=None>
73.0864 	EXP 	New trial (rep=45, index=0): <Trial 45 (0 in rep 45) data={'thisN': 45, 'thisTrialN': 0, 'thisRepN': 45}>
73.0879 	DATA 	Keypress: down
73.1023 	EXP 	fixation: autoDraw = False
73.1023 	EXP 	grating: autoDraw = False
73.1023 	EXP 	grating: ori = np.float64(4.0)
73.1023 	EXP 	fixation: autoDraw = True
73.3194 	EXP 	Device response: <KeyPress from None: t=73.0847739999881, value=down, duration=0.22479330003261566>
74.0855 	INFO 	Keyboard events cleared
74.0853 	EXP 	grating: autoDraw = True
74.1020 	EXP 	fixation: autoDraw = False
74.3851 	EXP 	grating: autoDraw = False
74.5854 	EXP 	Device response: <KeyPress from None: t=74.57818289997522, value=down, duration=None>
74.5858 	EXP 	New trial (rep=46, index=0): <Trial 46 (0 in rep 46) data={'thisN': 46, 'thisTrialN': 0, 'thisRepN': 46}>
74.5873 	DATA 	Keypress: down
74.6014 	EXP 	fixation: autoDraw = False
74.6014 	EXP 	grating: autoDraw = False
74.6014 	EXP 	grating: ori = np.float64(-5.0)
74.6014 	EXP 	fixation: autoDraw = True
74.7517 	EXP 	Device response: <KeyPress from None: t=74.57818289997522, value=down, duration=0.15680220001377165>
75.5851 	INFO 	Keyboard events cleared
75.5849 	EXP 	grating: autoDraw = True
75.6015 	EXP 	fixation: autoDraw = False
75.8841 	EXP 	grating: autoDraw = False
76.3350 	EXP 	Device response: <KeyPress from None: t=76.33430690004025, value=up, duration=None>
76.3353 	EXP 	New trial (rep=47, index=0): <Trial 47 (0 in rep 47) data={'thisN': 47, 'thisTrialN': 0, 'thisRepN': 47}>
76.3368 	DATA 	Keypress: up
76.3513 	EXP 	fixation: autoDraw = False
76.3513 	EXP 	grating: autoDraw = False
76.3513 	EXP 	grating: ori = np.float64(0.0)
76.3513 	EXP 	fixation: autoDraw = True
76.5848 	EXP 	Device response: <KeyPress from None: t=76.33430690004025, value=up, duration=0.2498765999916941>
77.3344 	INFO 	Keyboard events cleared
77.3342 	EXP 	grating: autoDraw = True
77.3508 	EXP 	fixation: autoDraw = False
77.6341 	EXP 	grating: autoDraw = False
77.9846 	EXP 	Device response: <KeyPress from None: t=77.97487989999354, value=down, duration=None>
77.9850 	EXP 	New trial (rep=48, index=0): <Trial 48 (0 in rep 48) data={'thisN': 48, 'thisTrialN': 0, 'thisRepN': 48}>
77.9865 	DATA 	Keypress: down
78.0005 	EXP 	fixation: autoDraw = False
78.0005 	EXP 	grating: autoDraw = False
78.0005 	EXP 	grating: ori = np.float64(0.0)
78.0005 	EXP 	fixation: autoDraw = True
78.2172 	EXP 	Device response: <KeyPress from None: t=77.97487989999354, value=down, duration=0.2367352000437677>
79.0004 	INFO 	Keyboard events cleared
79.0003 	EXP 	fixation: autoDraw = False
79.0003 	EXP 	grating: autoDraw = True
79.2998 	EXP 	grating: autoDraw = False
79.6172 	EXP 	Device response: <KeyPress from None: t=79.60902380000334, value=down, duration=None>
79.6177 	EXP 	New trial (rep=49, index=0): <Trial 49 (0 in rep 49) data={'thisN': 49, 'thisTrialN': 0, 'thisRepN': 49}>
79.6192 	DATA 	Keypress: down
79.6333 	EXP 	fixation: autoDraw = False
79.6333 	EXP 	grating: autoDraw = False
79.6333 	EXP 	grating: ori = np.float64(3.0)
79.6333 	EXP 	fixation: autoDraw = True
79.7504 	EXP 	Device response: <KeyPress from None: t=79.60902380000334, value=down, duration=0.1288104000268504>
80.6332 	INFO 	Keyboard events cleared
80.6331 	EXP 	fixation: autoDraw = False
80.6331 	EXP 	grating: autoDraw = True
80.9329 	EXP 	grating: autoDraw = False
81.1166 	EXP 	Device response: <KeyPress from None: t=81.11431380000431, value=down, duration=None>
81.1170 	EXP 	New trial (rep=50, index=0): <Trial 50 (0 in rep 50) data={'thisN': 50, 'thisTrialN': 0, 'thisRepN': 50}>
81.1184 	DATA 	Keypress: down
81.1329 	EXP 	fixation: autoDraw = False
81.1329 	EXP 	grating: autoDraw = False
81.1329 	EXP 	grating: ori = np.float64(1.0)
81.1329 	EXP 	fixation: autoDraw = True
81.3165 	EXP 	Device response: <KeyPress from None: t=81.11431380000431, value=down, duration=0.20051820005755872>
82.1162 	INFO 	Keyboard events cleared
82.1160 	EXP 	grating: autoDraw = True
82.1325 	EXP 	fixation: autoDraw = False
82.4157 	EXP 	grating: autoDraw = False
82.6993 	EXP 	Device response: <KeyPress from None: t=82.69215330004226, value=down, duration=None>
82.6999 	EXP 	New trial (rep=51, index=0): <Trial 51 (0 in rep 51) data={'thisN': 51, 'thisTrialN': 0, 'thisRepN': 51}>
82.7016 	DATA 	Keypress: down
82.7154 	EXP 	fixation: autoDraw = False
82.7154 	EXP 	grating: autoDraw = False
82.7154 	EXP 	grating: ori = np.float64(0.0)
82.7154 	EXP 	fixation: autoDraw = True
82.9326 	EXP 	Device response: <KeyPress from None: t=82.69215330004226, value=down, duration=0.22385289997328073>
83.7156 	INFO 	Keyboard events cleared
83.7155 	EXP 	fixation: autoDraw = False
83.7155 	EXP 	grating: autoDraw = True
84.0147 	EXP 	grating: autoDraw = False
84.2324 	EXP 	Device response: <KeyPress from None: t=84.22599870001432, value=up, duration=None>
84.2328 	EXP 	New trial (rep=52, index=0): <Trial 52 (0 in rep 52) data={'thisN': 52, 'thisTrialN': 0, 'thisRepN': 52}>
84.2344 	DATA 	Keypress: up
84.2484 	EXP 	fixation: autoDraw = False
84.2484 	EXP 	grating: autoDraw = False
84.2484 	EXP 	grating: ori = np.float64(0.0)
84.2484 	EXP 	fixation: autoDraw = True
84.5158 	EXP 	Device response: <KeyPress from None: t=84.22599870001432, value=up, duration=0.2883432999951765>
85.2482 	INFO 	Keyboard events cleared
85.2480 	EXP 	fixation: autoDraw = False
85.2480 	EXP 	grating: autoDraw = True
85.5479 	EXP 	grating: autoDraw = False
85.9151 	EXP 	Device response: <KeyPress from None: t=85.906185299973, value=up, duration=None>
85.9156 	EXP 	New trial (rep=53, index=0): <Trial 53 (0 in rep 53) data={'thisN': 53, 'thisTrialN': 0, 'thisRepN': 53}>
85.9171 	DATA 	Keypress: up
85.9312 	EXP 	fixation: autoDraw = False
85.9312 	EXP 	grating: autoDraw = False
85.9312 	EXP 	grating: ori = np.float64(3.0)
85.9312 	EXP 	fixation: autoDraw = True
86.1320 	EXP 	Device response: <KeyPress from None: t=85.906185299973, value=up, duration=0.22410390002187341>
86.9311 	INFO 	Keyboard events cleared
86.9310 	EXP 	fixation: autoDraw = False
86.9310 	EXP 	grating: autoDraw = True
87.2307 	EXP 	grating: autoDraw = False
87.6477 	EXP 	Device response: <KeyPress from None: t=87.6432410000125, value=down, duration=None>
87.6481 	EXP 	New trial (rep=54, index=0): <Trial 54 (0 in rep 54) data={'thisN': 54, 'thisTrialN': 0, 'thisRepN': 54}>
87.6497 	DATA 	Keypress: down
87.6639 	EXP 	fixation: autoDraw = False
87.6639 	EXP 	grating: autoDraw = False
87.6639 	EXP 	grating: ori = np.float64(0.0)
87.6639 	EXP 	fixation: autoDraw = True
87.8478 	EXP 	Device response: <KeyPress from None: t=87.6432410000125, value=down, duration=0.2004297999665141>
88.6634 	INFO 	Keyboard events cleared
88.6632 	EXP 	fixation: autoDraw = False
88.6632 	EXP 	grating: autoDraw = True
88.9635 	EXP 	grating: autoDraw = False
89.0806 	EXP 	Device response: <KeyPress from None: t=89.07286279997788, value=up, duration=None>
89.0810 	EXP 	New trial (rep=55, index=0): <Trial 55 (0 in rep 55) data={'thisN': 55, 'thisTrialN': 0, 'thisRepN': 55}>
89.0825 	DATA 	Keypress: up
89.0967 	EXP 	fixation: autoDraw = False
89.0967 	EXP 	grating: autoDraw = False
89.0967 	EXP 	grating: ori = np.float64(3.0)
89.0967 	EXP 	fixation: autoDraw = True
89.2805 	EXP 	Device response: <KeyPress from None: t=89.07286279997788, value=up, duration=0.20638970006257296>
90.0967 	INFO 	Keyboard events cleared
90.0965 	EXP 	fixation: autoDraw = False
90.0965 	EXP 	grating: autoDraw = True
90.3960 	EXP 	grating: autoDraw = False
91.0799 	EXP 	Device response: <KeyPress from None: t=91.0655041000573, value=up, duration=None>
91.0803 	EXP 	New trial (rep=56, index=0): <Trial 56 (0 in rep 56) data={'thisN': 56, 'thisTrialN': 0, 'thisRepN': 56}>
91.0816 	DATA 	Keypress: up
91.0960 	EXP 	fixation: autoDraw = False
91.0960 	EXP 	grating: autoDraw = False
91.0960 	EXP 	grating: ori = np.float64(0.0)
91.0960 	EXP 	fixation: autoDraw = True
91.2966 	EXP 	Device response: <KeyPress from None: t=91.0655041000573, value=up, duration=0.22160819999407977>
92.0956 	INFO 	Keyboard events cleared
92.0954 	EXP 	fixation: autoDraw = False
92.0954 	EXP 	grating: autoDraw = True
92.3957 	EXP 	grating: autoDraw = False
92.8626 	EXP 	Device response: <KeyPress from None: t=92.86201320006512, value=up, duration=None>
92.8630 	EXP 	New trial (rep=57, index=0): <Trial 57 (0 in rep 57) data={'thisN': 57, 'thisTrialN': 0, 'thisRepN': 57}>
92.8645 	DATA 	Keypress: up
92.8789 	EXP 	fixation: autoDraw = False
92.8789 	EXP 	grating: autoDraw = False
92.8789 	EXP 	grating: ori = np.float64(-4.0)
92.8789 	EXP 	fixation: autoDraw = True
93.0794 	EXP 	Device response: <KeyPress from None: t=92.86201320006512, value=up, duration=0.21689619997050613>
93.8788 	INFO 	Keyboard events cleared
93.8787 	EXP 	fixation: autoDraw = False
93.8787 	EXP 	grating: autoDraw = True
94.1782 	EXP 	grating: autoDraw = False
94.5951 	EXP 	Device response: <KeyPress from None: t=94.59242240001913, value=down, duration=None>
94.5954 	EXP 	New trial (rep=58, index=0): <Trial 58 (0 in rep 58) data={'thisN': 58, 'thisTrialN': 0, 'thisRepN': 58}>
94.5967 	DATA 	Keypress: down
94.6117 	EXP 	fixation: autoDraw = False
94.6117 	EXP 	grating: autoDraw = False
94.6117 	EXP 	grating: ori = np.float64(0.0)
94.6117 	EXP 	fixation: autoDraw = True
94.7788 	EXP 	Device response: <KeyPress from None: t=94.59242240001913, value=down, duration=0.17308089998550713>
95.6109 	INFO 	Keyboard events cleared
95.6108 	EXP 	grating: autoDraw = True
95.6275 	EXP 	fixation: autoDraw = False
95.9111 	EXP 	grating: autoDraw = False
96.2786 	EXP 	Device response: <KeyPress from None: t=96.2780655999668, value=down, duration=None>
96.2794 	DATA 	Keypress: down
96.2952 	EXP 	New trial (rep=59, index=0): <Trial 59 (0 in rep 59) data={'thisN': 59, 'thisTrialN': 0, 'thisRepN': 59}>
96.3110 	EXP 	fixation: autoDraw = False
96.3110 	EXP 	grating: autoDraw = False
96.3110 	EXP 	grating: ori = np.float64(-2.0)
96.3110 	EXP 	fixation: autoDraw = True
96.3448 	EXP 	Device response: <KeyPress from None: t=96.2780655999668, value=down, duration=0.06264790007844567>
97.2943 	INFO 	Keyboard events cleared
97.2941 	EXP 	grating: autoDraw = True
97.3108 	EXP 	fixation: autoDraw = False
97.5939 	EXP 	grating: autoDraw = False
97.8107 	EXP 	Device response: <KeyPress from None: t=97.797995800036, value=up, duration=None>
97.8112 	EXP 	New trial (rep=60, index=0): <Trial 60 (0 in rep 60) data={'thisN': 60, 'thisTrialN': 0, 'thisRepN': 60}>
97.8132 	DATA 	Keypress: up
97.8270 	EXP 	fixation: autoDraw = False
97.8270 	EXP 	grating: autoDraw = False
97.8270 	EXP 	grating: ori = np.float64(-2.0)
97.8270 	EXP 	fixation: autoDraw = True
98.0611 	EXP 	Device response: <KeyPress from None: t=97.797995800036, value=up, duration=0.25903650000691414>
98.8106 	INFO 	Keyboard events cleared
98.8104 	EXP 	grating: autoDraw = True
98.8269 	EXP 	fixation: autoDraw = False
99.1096 	EXP 	grating: autoDraw = False
99.4605 	EXP 	Device response: <KeyPress from None: t=99.45167320000473, value=down, duration=None>
99.4610 	EXP 	New trial (rep=61, index=0): <Trial 61 (0 in rep 61) data={'thisN': 61, 'thisTrialN': 0, 'thisRepN': 61}>
99.4625 	DATA 	Keypress: down
99.4766 	EXP 	fixation: autoDraw = False
99.4766 	EXP 	grating: autoDraw = False
99.4766 	EXP 	grating: ori = np.float64(-4.0)
99.4766 	EXP 	fixation: autoDraw = True
99.6771 	EXP 	Device response: <KeyPress from None: t=99.45167320000473, value=down, duration=0.21329240000341088>
100.4770 	INFO 	Keyboard events cleared
100.4768 	EXP 	fixation: autoDraw = False
100.4768 	EXP 	grating: autoDraw = True
100.7763 	EXP 	grating: autoDraw = False
101.3263 	EXP 	Device response: <KeyPress from None: t=101.31898710003588, value=down, duration=None>
101.3269 	EXP 	New trial (rep=62, index=0): <Trial 62 (0 in rep 62) data={'thisN': 62, 'thisTrialN': 0, 'thisRepN': 62}>
101.3288 	DATA 	Keypress: down
101.3424 	EXP 	fixation: autoDraw = False
101.3424 	EXP 	grating: autoDraw = False
101.3424 	EXP 	grating: ori = np.float64(-4.0)
101.3424 	EXP 	fixation: autoDraw = True
101.4596 	EXP 	Device response: <KeyPress from None: t=101.31898710003588, value=down, duration=0.13650549994781613>
102.3258 	INFO 	Keyboard events cleared
102.3256 	EXP 	grating: autoDraw = True
102.3424 	EXP 	fixation: autoDraw = False
102.6252 	EXP 	grating: autoDraw = False
102.7426 	EXP 	Device response: <KeyPress from None: t=102.73960650002118, value=down, duration=None>
102.7430 	EXP 	New trial (rep=63, index=0): <Trial 63 (0 in rep 63) data={'thisN': 63, 'thisTrialN': 0, 'thisRepN': 63}>
102.7446 	DATA 	Keypress: down
102.7588 	EXP 	fixation: autoDraw = False
102.7588 	EXP 	grating: autoDraw = False
102.7588 	EXP 	grating: ori = np.float64(0.0)
102.7588 	EXP 	fixation: autoDraw = True
102.8926 	EXP 	Device response: <KeyPress from None: t=102.73960650002118, value=down, duration=0.14959020004607737>
103.7584 	INFO 	Keyboard events cleared
103.7583 	EXP 	fixation: autoDraw = False
103.7583 	EXP 	grating: autoDraw = True
104.0584 	EXP 	grating: autoDraw = False
104.4920 	EXP 	Device response: <KeyPress from None: t=104.48318340000696, value=up, duration=None>
104.4924 	EXP 	New trial (rep=64, index=0): <Trial 64 (0 in rep 64) data={'thisN': 64, 'thisTrialN': 0, 'thisRepN': 64}>
104.4938 	DATA 	Keypress: up
104.5083 	EXP 	fixation: autoDraw = False
104.5083 	EXP 	grating: autoDraw = False
104.5083 	EXP 	grating: ori = np.float64(0.0)
104.5083 	EXP 	fixation: autoDraw = True
104.7254 	EXP 	Device response: <KeyPress from None: t=104.48318340000696, value=up, duration=0.23487899999599904>
105.4914 	INFO 	Keyboard events cleared
105.4913 	EXP 	grating: autoDraw = True
105.5080 	EXP 	fixation: autoDraw = False
105.7911 	EXP 	grating: autoDraw = False
106.2747 	EXP 	Device response: <KeyPress from None: t=106.25937700003851, value=up, duration=None>
106.2752 	EXP 	New trial (rep=65, index=0): <Trial 65 (0 in rep 65) data={'thisN': 65, 'thisTrialN': 0, 'thisRepN': 65}>
106.2766 	DATA 	Keypress: up
106.2911 	EXP 	fixation: autoDraw = False
106.2911 	EXP 	grating: autoDraw = False
106.2911 	EXP 	grating: ori = np.float64(2.0)
106.2911 	EXP 	fixation: autoDraw = True
106.4582 	EXP 	Device response: <KeyPress from None: t=106.25937700003851, value=up, duration=0.19053769996389747>
107.2909 	INFO 	Keyboard events cleared
107.2907 	EXP 	fixation: autoDraw = False
107.2907 	EXP 	grating: autoDraw = True
107.5905 	EXP 	grating: autoDraw = False
107.9408 	EXP 	Device response: <KeyPress from None: t=107.93186310003512, value=down, duration=None>
107.9412 	EXP 	New trial (rep=66, index=0): <Trial 66 (0 in rep 66) data={'thisN': 66, 'thisTrialN': 0, 'thisRepN': 66}>
107.9427 	DATA 	Keypress: down
107.9570 	EXP 	fixation: autoDraw = False
107.9570 	EXP 	grating: autoDraw = False
107.9570 	EXP 	grating: ori = np.float64(-5.0)
107.9570 	EXP 	fixation: autoDraw = True
108.0741 	EXP 	Device response: <KeyPress from None: t=107.93186310003512, value=down, duration=0.14141459995880723>
108.9569 	INFO 	Keyboard events cleared
108.9568 	EXP 	fixation: autoDraw = False
108.9568 	EXP 	grating: autoDraw = True
109.2565 	EXP 	grating: autoDraw = False
109.9568 	EXP 	Device response: <KeyPress from None: t=109.9415808999911, value=up, duration=None>
109.9572 	EXP 	New trial (rep=67, index=0): <Trial 67 (0 in rep 67) data={'thisN': 67, 'thisTrialN': 0, 'thisRepN': 67}>
109.9597 	DATA 	Keypress: up
109.9727 	EXP 	fixation: autoDraw = False
109.9727 	EXP 	grating: autoDraw = False
109.9727 	EXP 	grating: ori = np.float64(-4.0)
109.9727 	EXP 	fixation: autoDraw = True
110.1564 	EXP 	Device response: <KeyPress from None: t=109.9415808999911, value=up, duration=0.205856200074777>
110.9730 	INFO 	Keyboard events cleared
110.9729 	EXP 	fixation: autoDraw = False
110.9729 	EXP 	grating: autoDraw = True
111.2726 	EXP 	grating: autoDraw = False
111.7228 	EXP 	Device response: <KeyPress from None: t=111.7145320000127, value=up, duration=None>
111.7232 	EXP 	New trial (rep=68, index=0): <Trial 68 (0 in rep 68) data={'thisN': 68, 'thisTrialN': 0, 'thisRepN': 68}>
111.7246 	DATA 	Keypress: up
111.7386 	EXP 	fixation: autoDraw = False
111.7386 	EXP 	grating: autoDraw = False
111.7386 	EXP 	grating: ori = np.float64(0.0)
111.7386 	EXP 	fixation: autoDraw = True
111.9227 	EXP 	Device response: <KeyPress from None: t=111.7145320000127, value=up, duration=0.20265170000493526>
112.7390 	INFO 	Keyboard events cleared
112.7389 	EXP 	fixation: autoDraw = False
112.7389 	EXP 	grating: autoDraw = True
113.0383 	EXP 	grating: autoDraw = False
113.4391 	EXP 	Device response: <KeyPress from None: t=113.43060219998006, value=down, duration=None>
113.4396 	EXP 	New trial (rep=69, index=0): <Trial 69 (0 in rep 69) data={'thisN': 69, 'thisTrialN': 0, 'thisRepN': 69}>
113.4410 	DATA 	Keypress: down
113.4552 	EXP 	fixation: autoDraw = False
113.4552 	EXP 	grating: autoDraw = False
113.4552 	EXP 	grating: ori = np.float64(1.0)
113.4552 	EXP 	fixation: autoDraw = True
113.6222 	EXP 	Device response: <KeyPress from None: t=113.43060219998006, value=down, duration=0.1778269000351429>
114.4552 	INFO 	Keyboard events cleared
114.4550 	EXP 	fixation: autoDraw = False
114.4550 	EXP 	grating: autoDraw = True
114.7547 	EXP 	grating: autoDraw = False
115.0885 	EXP 	Device response: <KeyPress from None: t=115.07368869998027, value=down, duration=None>
115.0889 	EXP 	New trial (rep=70, index=0): <Trial 70 (0 in rep 70) data={'thisN': 70, 'thisTrialN': 0, 'thisRepN': 70}>
115.0904 	DATA 	Keypress: down
115.1046 	EXP 	fixation: autoDraw = False
115.1046 	EXP 	grating: autoDraw = False
115.1046 	EXP 	grating: ori = np.float64(2.0)
115.1046 	EXP 	fixation: autoDraw = True
115.2711 	EXP 	Device response: <KeyPress from None: t=115.07368869998027, value=down, duration=0.19034109998028725>
116.0879 	INFO 	Keyboard events cleared
116.0877 	EXP 	grating: autoDraw = True
116.1044 	EXP 	fixation: autoDraw = False
116.3869 	EXP 	grating: autoDraw = False
116.6212 	EXP 	Device response: <KeyPress from None: t=116.61008230003063, value=down, duration=None>
116.6217 	EXP 	New trial (rep=71, index=0): <Trial 71 (0 in rep 71) data={'thisN': 71, 'thisTrialN': 0, 'thisRepN': 71}>
116.6234 	DATA 	Keypress: down
116.6373 	EXP 	fixation: autoDraw = False
116.6373 	EXP 	grating: autoDraw = False
116.6373 	EXP 	grating: ori = np.float64(-5.0)
116.6373 	EXP 	fixation: autoDraw = True
116.8216 	EXP 	Device response: <KeyPress from None: t=116.61008230003063, value=down, duration=0.20731039997190237>
117.6372 	INFO 	Keyboard events cleared
117.6370 	EXP 	fixation: autoDraw = False
117.6370 	EXP 	grating: autoDraw = True
117.9369 	EXP 	grating: autoDraw = False
118.5044 	EXP 	Device response: <KeyPress from None: t=118.49148860003334, value=down, duration=None>
118.5048 	EXP 	New trial (rep=72, index=0): <Trial 72 (0 in rep 72) data={'thisN': 72, 'thisTrialN': 0, 'thisRepN': 72}>
118.5062 	DATA 	Keypress: down
118.5202 	EXP 	fixation: autoDraw = False
118.5202 	EXP 	grating: autoDraw = False
118.5202 	EXP 	grating: ori = np.float64(0.0)
118.5202 	EXP 	fixation: autoDraw = True
118.7366 	EXP 	Device response: <KeyPress from None: t=118.49148860003334, value=down, duration=0.2286326999310404>
119.5200 	INFO 	Keyboard events cleared
119.5198 	EXP 	fixation: autoDraw = False
119.5198 	EXP 	grating: autoDraw = True
119.8194 	EXP 	grating: autoDraw = False
120.0034 	EXP 	Device response: <KeyPress from None: t=119.99662490002811, value=down, duration=None>
120.0038 	EXP 	New trial (rep=73, index=0): <Trial 73 (0 in rep 73) data={'thisN': 73, 'thisTrialN': 0, 'thisRepN': 73}>
120.0051 	DATA 	Keypress: down
120.0195 	EXP 	fixation: autoDraw = False
120.0195 	EXP 	grating: autoDraw = False
120.0195 	EXP 	grating: ori = np.float64(-3.0)
120.0195 	EXP 	fixation: autoDraw = True
120.2365 	EXP 	Device response: <KeyPress from None: t=119.99662490002811, value=down, duration=0.23425939993467182>
121.0190 	INFO 	Keyboard events cleared
121.0189 	EXP 	fixation: autoDraw = False
121.0189 	EXP 	grating: autoDraw = True
121.3193 	EXP 	grating: autoDraw = False
121.7692 	EXP 	Device response: <KeyPress from None: t=121.7649504999863, value=down, duration=None>
121.7695 	EXP 	New trial (rep=74, index=0): <Trial 74 (0 in rep 74) data={'thisN': 74, 'thisTrialN': 0, 'thisRepN': 74}>
121.7709 	DATA 	Keypress: down
121.7853 	EXP 	fixation: autoDraw = False
121.7853 	EXP 	grating: autoDraw = False
121.7853 	EXP 	grating: ori = np.float64(0.0)
121.7853 	EXP 	fixation: autoDraw = True
122.0358 	EXP 	Device response: <KeyPress from None: t=121.7649504999863, value=down, duration=0.256379000027664>
122.7690 	INFO 	Keyboard events cleared
122.7688 	EXP 	grating: autoDraw = True
122.7851 	EXP 	fixation: autoDraw = False
123.0686 	EXP 	grating: autoDraw = False
123.3519 	EXP 	Device response: <KeyPress from None: t=123.34080050000921, value=down, duration=None>
123.3523 	EXP 	New trial (rep=75, index=0): <Trial 75 (0 in rep 75) data={'thisN': 75, 'thisTrialN': 0, 'thisRepN': 75}>
123.3536 	DATA 	Keypress: down
123.3681 	EXP 	fixation: autoDraw = False
123.3681 	EXP 	grating: autoDraw = False
123.3681 	EXP 	grating: ori = np.float64(2.0)
123.3681 	EXP 	fixation: autoDraw = True
123.5688 	EXP 	Device response: <KeyPress from None: t=123.34080050000921, value=down, duration=0.22555390000343323>
124.3517 	INFO 	Keyboard events cleared
124.3515 	EXP 	grating: autoDraw = True
124.3681 	EXP 	fixation: autoDraw = False
124.6512 	EXP 	grating: autoDraw = False
124.8186 	EXP 	Device response: <KeyPress from None: t=124.81511840003077, value=down, duration=None>
124.8190 	EXP 	New trial (rep=76, index=0): <Trial 76 (0 in rep 76) data={'thisN': 76, 'thisTrialN': 0, 'thisRepN': 76}>
124.8206 	DATA 	Keypress: down
124.8346 	EXP 	fixation: autoDraw = False
124.8346 	EXP 	grating: autoDraw = False
124.8346 	EXP 	grating: ori = np.float64(0.0)
124.8346 	EXP 	fixation: autoDraw = True
124.9852 	EXP 	Device response: <KeyPress from None: t=124.81511840003077, value=down, duration=0.16191819997038692>
125.8343 	INFO 	Keyboard events cleared
125.8342 	EXP 	fixation: autoDraw = False
125.8342 	EXP 	grating: autoDraw = True
126.1342 	EXP 	grating: autoDraw = False
126.2847 	EXP 	Device response: <KeyPress from None: t=126.28069669997785, value=down, duration=None>
126.2852 	EXP 	New trial (rep=77, index=0): <Trial 77 (0 in rep 77) data={'thisN': 77, 'thisTrialN': 0, 'thisRepN': 77}>
126.2867 	DATA 	Keypress: down
126.3008 	EXP 	fixation: autoDraw = False
126.3008 	EXP 	grating: autoDraw = False
126.3008 	EXP 	grating: ori = np.float64(-2.0)
126.3008 	EXP 	fixation: autoDraw = True
126.4347 	EXP 	Device response: <KeyPress from None: t=126.28069669997785, value=down, duration=0.14932100009173155>
127.3008 	INFO 	Keyboard events cleared
127.3007 	EXP 	fixation: autoDraw = False
127.3007 	EXP 	grating: autoDraw = True
127.6003 	EXP 	grating: autoDraw = False
127.7842 	EXP 	Device response: <KeyPress from None: t=127.77417039999273, value=down, duration=None>
127.7846 	EXP 	New trial (rep=78, index=0): <Trial 78 (0 in rep 78) data={'thisN': 78, 'thisTrialN': 0, 'thisRepN': 78}>
127.7860 	DATA 	Keypress: down
127.8012 	EXP 	fixation: autoDraw = False
127.8012 	EXP 	grating: autoDraw = False
127.8012 	EXP 	grating: ori = np.float64(0.0)
127.8012 	EXP 	fixation: autoDraw = True
127.9340 	EXP 	Device response: <KeyPress from None: t=127.77417039999273, value=down, duration=0.14894620003178716>
128.8001 	INFO 	Keyboard events cleared
128.8000 	EXP 	grating: autoDraw = True
128.8168 	EXP 	fixation: autoDraw = False
129.0996 	EXP 	grating: autoDraw = False
129.3670 	EXP 	Device response: <KeyPress from None: t=129.35139530000743, value=down, duration=None>
129.3674 	EXP 	New trial (rep=79, index=0): <Trial 79 (0 in rep 79) data={'thisN': 79, 'thisTrialN': 0, 'thisRepN': 79}>
129.3688 	DATA 	Keypress: down
129.3831 	EXP 	fixation: autoDraw = False
129.3831 	EXP 	grating: autoDraw = False
129.3831 	EXP 	grating: ori = np.float64(0.0)
129.3831 	EXP 	fixation: autoDraw = True
129.5003 	EXP 	Device response: <KeyPress from None: t=129.35139530000743, value=down, duration=0.13650609995238483>
130.3825 	INFO 	Keyboard events cleared
130.3824 	EXP 	fixation: autoDraw = False
130.3824 	EXP 	grating: autoDraw = True
130.6825 	EXP 	grating: autoDraw = False
130.9498 	EXP 	Device response: <KeyPress from None: t=130.93951529997867, value=down, duration=None>
130.9503 	EXP 	New trial (rep=80, index=0): <Trial 80 (0 in rep 80) data={'thisN': 80, 'thisTrialN': 0, 'thisRepN': 80}>
130.9518 	DATA 	Keypress: down
130.9659 	EXP 	fixation: autoDraw = False
130.9659 	EXP 	grating: autoDraw = False
130.9659 	EXP 	grating: ori = np.float64(4.0)
130.9659 	EXP 	fixation: autoDraw = True
131.1329 	EXP 	Device response: <KeyPress from None: t=130.93951529997867, value=down, duration=0.18858030007686466>
131.9659 	INFO 	Keyboard events cleared
131.9658 	EXP 	fixation: autoDraw = False
131.9658 	EXP 	grating: autoDraw = True
132.2656 	EXP 	grating: autoDraw = False
132.3991 	EXP 	Device response: <KeyPress from None: t=132.3973884000443, value=down, duration=None>
132.3995 	EXP 	New trial (rep=81, index=0): <Trial 81 (0 in rep 81) data={'thisN': 81, 'thisTrialN': 0, 'thisRepN': 81}>
132.4009 	DATA 	Keypress: down
132.4154 	EXP 	fixation: autoDraw = False
132.4154 	EXP 	grating: autoDraw = False
132.4154 	EXP 	grating: ori = np.float64(0.0)
132.4154 	EXP 	fixation: autoDraw = True
132.5656 	EXP 	Device response: <KeyPress from None: t=132.3973884000443, value=down, duration=0.1578082999913022>
133.3987 	INFO 	Keyboard events cleared
133.3985 	EXP 	grating: autoDraw = True
133.4150 	EXP 	fixation: autoDraw = False
133.6980 	EXP 	grating: autoDraw = False
133.9487 	EXP 	Device response: <KeyPress from None: t=133.93718420004006, value=down, duration=None>
133.9490 	EXP 	New trial (rep=82, index=0): <Trial 82 (0 in rep 82) data={'thisN': 82, 'thisTrialN': 0, 'thisRepN': 82}>
133.9504 	DATA 	Keypress: down
133.9648 	EXP 	fixation: autoDraw = False
133.9648 	EXP 	grating: autoDraw = False
133.9648 	EXP 	grating: ori = np.float64(0.0)
133.9648 	EXP 	fixation: autoDraw = True
134.0653 	EXP 	Device response: <KeyPress from None: t=133.93718420004006, value=down, duration=0.12604539992753416>
134.9644 	INFO 	Keyboard events cleared
134.9643 	EXP 	fixation: autoDraw = False
134.9643 	EXP 	grating: autoDraw = True
135.2644 	EXP 	grating: autoDraw = False
135.6980 	EXP 	Device response: <KeyPress from None: t=135.69340640003793, value=down, duration=None>
135.6984 	EXP 	New trial (rep=83, index=0): <Trial 83 (0 in rep 83) data={'thisN': 83, 'thisTrialN': 0, 'thisRepN': 83}>
135.6998 	DATA 	Keypress: down
135.7142 	EXP 	fixation: autoDraw = False
135.7142 	EXP 	grating: autoDraw = False
135.7142 	EXP 	grating: ori = np.float64(0.0)
135.7142 	EXP 	fixation: autoDraw = True
135.9485 	EXP 	Device response: <KeyPress from None: t=135.69340640003793, value=down, duration=0.24369139992631972>
136.6972 	INFO 	Keyboard events cleared
136.6971 	EXP 	grating: autoDraw = True
136.7139 	EXP 	fixation: autoDraw = False
136.9972 	EXP 	grating: autoDraw = False
137.3138 	EXP 	Device response: <KeyPress from None: t=137.29900390002877, value=up, duration=None>
137.3141 	EXP 	New trial (rep=84, index=0): <Trial 84 (0 in rep 84) data={'thisN': 84, 'thisTrialN': 0, 'thisRepN': 84}>
137.3154 	DATA 	Keypress: up
137.3300 	EXP 	fixation: autoDraw = False
137.3300 	EXP 	grating: autoDraw = False
137.3300 	EXP 	grating: ori = np.float64(-4.0)
137.3300 	EXP 	fixation: autoDraw = True
137.5142 	EXP 	Device response: <KeyPress from None: t=137.29900390002877, value=up, duration=0.20020520000252873>
138.3136 	INFO 	Keyboard events cleared
138.3134 	EXP 	grating: autoDraw = True
138.3299 	EXP 	fixation: autoDraw = False
138.6131 	EXP 	grating: autoDraw = False
138.9138 	EXP 	Device response: <KeyPress from None: t=138.9020341000287, value=down, duration=None>
138.9142 	EXP 	New trial (rep=85, index=0): <Trial 85 (0 in rep 85) data={'thisN': 85, 'thisTrialN': 0, 'thisRepN': 85}>
138.9175 	DATA 	Keypress: down
138.9297 	EXP 	fixation: autoDraw = False
138.9297 	EXP 	grating: autoDraw = False
138.9297 	EXP 	grating: ori = np.float64(0.0)
138.9297 	EXP 	fixation: autoDraw = True
139.1470 	EXP 	Device response: <KeyPress from None: t=138.9020341000287, value=down, duration=0.24020260001998395>
139.9297 	INFO 	Keyboard events cleared
139.9296 	EXP 	fixation: autoDraw = False
139.9296 	EXP 	grating: autoDraw = True
140.2294 	EXP 	grating: autoDraw = False
140.5130 	EXP 	Device response: <KeyPress from None: t=140.51216539996676, value=down, duration=None>
140.5134 	EXP 	New trial (rep=86, index=0): <Trial 86 (0 in rep 86) data={'thisN': 86, 'thisTrialN': 0, 'thisRepN': 86}>
140.5150 	DATA 	Keypress: down
140.5293 	EXP 	fixation: autoDraw = False
140.5293 	EXP 	grating: autoDraw = False
140.5293 	EXP 	grating: ori = np.float64(0.0)
140.5293 	EXP 	fixation: autoDraw = True
140.7126 	EXP 	Device response: <KeyPress from None: t=140.51216539996676, value=down, duration=0.18964500003494322>
141.5292 	INFO 	Keyboard events cleared
141.5290 	EXP 	fixation: autoDraw = False
141.5290 	EXP 	grating: autoDraw = True
141.8285 	EXP 	grating: autoDraw = False
142.0794 	EXP 	Device response: <KeyPress from None: t=142.07638230000157, value=down, duration=None>
142.0797 	EXP 	New trial (rep=87, index=0): <Trial 87 (0 in rep 87) data={'thisN': 87, 'thisTrialN': 0, 'thisRepN': 87}>
142.0812 	DATA 	Keypress: down
142.0955 	EXP 	fixation: autoDraw = False
142.0955 	EXP 	grating: autoDraw = False
142.0955 	EXP 	grating: ori = np.float64(0.0)
142.0955 	EXP 	fixation: autoDraw = True
142.3124 	EXP 	Device response: <KeyPress from None: t=142.07638230000157, value=down, duration=0.2341131999855861>
143.0950 	INFO 	Keyboard events cleared
143.0948 	EXP 	fixation: autoDraw = False
143.0948 	EXP 	grating: autoDraw = True
143.3950 	EXP 	grating: autoDraw = False
143.6454 	EXP 	Device response: <KeyPress from None: t=143.63300050003454, value=down, duration=None>
143.6458 	EXP 	New trial (rep=88, index=0): <Trial 88 (0 in rep 88) data={'thisN': 88, 'thisTrialN': 0, 'thisRepN': 88}>
143.6473 	DATA 	Keypress: down
143.6616 	EXP 	fixation: autoDraw = False
143.6616 	EXP 	grating: autoDraw = False
143.6616 	EXP 	grating: ori = np.float64(0.0)
143.6616 	EXP 	fixation: autoDraw = True
143.7954 	EXP 	Device response: <KeyPress from None: t=143.63300050003454, value=down, duration=0.14742649998515844>
144.6614 	INFO 	Keyboard events cleared
144.6613 	EXP 	fixation: autoDraw = False
144.6613 	EXP 	grating: autoDraw = True
144.9611 	EXP 	grating: autoDraw = False
145.0617 	EXP 	Device response: <KeyPress from None: t=145.04984290001448, value=down, duration=None>
145.0622 	EXP 	New trial (rep=89, index=0): <Trial 89 (0 in rep 89) data={'thisN': 89, 'thisTrialN': 0, 'thisRepN': 89}>
145.0643 	DATA 	Keypress: down
145.0775 	EXP 	fixation: autoDraw = False
145.0775 	EXP 	grating: autoDraw = False
145.0775 	EXP 	grating: ori = np.float64(-2.0)
145.0775 	EXP 	fixation: autoDraw = True
145.2446 	EXP 	Device response: <KeyPress from None: t=145.04984290001448, value=down, duration=0.18380999995861202>
146.0777 	INFO 	Keyboard events cleared
146.0775 	EXP 	fixation: autoDraw = False
146.0775 	EXP 	grating: autoDraw = True
146.3770 	EXP 	grating: autoDraw = False
146.6611 	EXP 	Device response: <KeyPress from None: t=146.64641739998478, value=down, duration=None>
146.6615 	EXP 	New trial (rep=90, index=0): <Trial 90 (0 in rep 90) data={'thisN': 90, 'thisTrialN': 0, 'thisRepN': 90}>
146.6630 	DATA 	Keypress: down
146.6772 	EXP 	fixation: autoDraw = False
146.6772 	EXP 	grating: autoDraw = False
146.6772 	EXP 	grating: ori = np.float64(-4.0)
146.6772 	EXP 	fixation: autoDraw = True
146.8942 	EXP 	Device response: <KeyPress from None: t=146.64641739998478, value=down, duration=0.23329690005630255>
147.6767 	INFO 	Keyboard events cleared
147.6766 	EXP 	fixation: autoDraw = False
147.6766 	EXP 	grating: autoDraw = True
147.9768 	EXP 	grating: autoDraw = False
148.0604 	EXP 	Device response: <KeyPress from None: t=148.05612790002488, value=up, duration=None>
148.0608 	EXP 	New trial (rep=91, index=0): <Trial 91 (0 in rep 91) data={'thisN': 91, 'thisTrialN': 0, 'thisRepN': 91}>
148.0623 	DATA 	Keypress: up
148.0766 	EXP 	fixation: autoDraw = False
148.0766 	EXP 	grating: autoDraw = False
148.0766 	EXP 	grating: ori = np.float64(3.0)
148.0766 	EXP 	fixation: autoDraw = True
148.2440 	EXP 	Device response: <KeyPress from None: t=148.05612790002488, value=up, duration=0.1841190999839455>
149.0599 	INFO 	Keyboard events cleared
149.0598 	EXP 	grating: autoDraw = True
149.0765 	EXP 	fixation: autoDraw = False
149.3597 	EXP 	grating: autoDraw = False
149.6765 	EXP 	Device response: <KeyPress from None: t=149.66577169997618, value=down, duration=None>
149.6770 	EXP 	New trial (rep=92, index=0): <Trial 92 (0 in rep 92) data={'thisN': 92, 'thisTrialN': 0, 'thisRepN': 92}>
149.6790 	DATA 	Keypress: down
149.6928 	EXP 	fixation: autoDraw = False
149.6928 	EXP 	grating: autoDraw = False
149.6928 	EXP 	grating: ori = np.float64(0.0)
149.6928 	EXP 	fixation: autoDraw = True
149.8764 	EXP 	Device response: <KeyPress from None: t=149.66577169997618, value=down, duration=0.2064566999906674>
150.6928 	INFO 	Keyboard events cleared
150.6926 	EXP 	fixation: autoDraw = False
150.6926 	EXP 	grating: autoDraw = True
150.9925 	EXP 	grating: autoDraw = False
151.2425 	EXP 	Device response: <KeyPress from None: t=151.24023480003234, value=up, duration=None>
151.2429 	EXP 	New trial (rep=93, index=0): <Trial 93 (0 in rep 93) data={'thisN': 93, 'thisTrialN': 0, 'thisRepN': 93}>
151.2445 	DATA 	Keypress: up
151.2590 	EXP 	fixation: autoDraw = False
151.2590 	EXP 	grating: autoDraw = False
151.2590 	EXP 	grating: ori = np.float64(4.0)
151.2590 	EXP 	fixation: autoDraw = True
151.4096 	EXP 	Device response: <KeyPress from None: t=151.24023480003234, value=up, duration=0.16557349998038262>
152.2585 	INFO 	Keyboard events cleared
152.2584 	EXP 	fixation: autoDraw = False
152.2584 	EXP 	grating: autoDraw = True
152.5586 	EXP 	grating: autoDraw = False
152.6591 	EXP 	Device response: <KeyPress from None: t=152.6530536999926, value=down, duration=None>
152.6595 	EXP 	New trial (rep=94, index=0): <Trial 94 (0 in rep 94) data={'thisN': 94, 'thisTrialN': 0, 'thisRepN': 94}>
152.6610 	DATA 	Keypress: down
152.6751 	EXP 	fixation: autoDraw = False
152.6751 	EXP 	grating: autoDraw = False
152.6751 	EXP 	grating: ori = np.float64(-5.0)
152.6751 	EXP 	fixation: autoDraw = True
152.8756 	EXP 	Device response: <KeyPress from None: t=152.6530536999926, value=down, duration=0.2134453000035137>
153.6750 	INFO 	Keyboard events cleared
153.6749 	EXP 	fixation: autoDraw = False
153.6749 	EXP 	grating: autoDraw = True
153.9747 	EXP 	grating: autoDraw = False
154.4422 	EXP 	Device response: <KeyPress from None: t=154.4259613000322, value=down, duration=None>
154.4426 	EXP 	New trial (rep=95, index=0): <Trial 95 (0 in rep 95) data={'thisN': 95, 'thisTrialN': 0, 'thisRepN': 95}>
154.4440 	DATA 	Keypress: down
154.4579 	EXP 	fixation: autoDraw = False
154.4579 	EXP 	grating: autoDraw = False
154.4579 	EXP 	grating: ori = np.float64(0.0)
154.4579 	EXP 	fixation: autoDraw = True
154.6246 	EXP 	Device response: <KeyPress from None: t=154.4259613000322, value=down, duration=0.19563840003684163>
155.4579 	INFO 	Keyboard events cleared
155.4577 	EXP 	fixation: autoDraw = False
155.4577 	EXP 	grating: autoDraw = True
155.7571 	EXP 	grating: autoDraw = False
156.2746 	EXP 	Device response: <KeyPress from None: t=156.26219649997074, value=down, duration=None>
156.2749 	EXP 	New trial (rep=96, index=0): <Trial 96 (0 in rep 96) data={'thisN': 96, 'thisTrialN': 0, 'thisRepN': 96}>
156.2764 	DATA 	Keypress: down
156.2907 	EXP 	fixation: autoDraw = False
156.2907 	EXP 	grating: autoDraw = False
156.2907 	EXP 	grating: ori = np.float64(0.0)
156.2907 	EXP 	fixation: autoDraw = True
156.4743 	EXP 	Device response: <KeyPress from None: t=156.26219649997074, value=down, duration=0.19581629999447614>
157.2907 	INFO 	Keyboard events cleared
157.2905 	EXP 	fixation: autoDraw = False
157.2905 	EXP 	grating: autoDraw = True
157.5903 	EXP 	grating: autoDraw = False
157.9238 	EXP 	Device response: <KeyPress from None: t=157.9198577000061, value=down, duration=None>
157.9242 	EXP 	New trial (rep=97, index=0): <Trial 97 (0 in rep 97) data={'thisN': 97, 'thisTrialN': 0, 'thisRepN': 97}>
157.9257 	DATA 	Keypress: down
157.9400 	EXP 	fixation: autoDraw = False
157.9400 	EXP 	grating: autoDraw = False
157.9400 	EXP 	grating: ori = np.float64(2.0)
157.9400 	EXP 	fixation: autoDraw = True
158.0902 	EXP 	Device response: <KeyPress from None: t=157.9198577000061, value=down, duration=0.15663189999759197>
158.9400 	INFO 	Keyboard events cleared
158.9398 	EXP 	fixation: autoDraw = False
158.9398 	EXP 	grating: autoDraw = True
159.2394 	EXP 	grating: autoDraw = False
159.3399 	EXP 	Device response: <KeyPress from None: t=159.3384689000668, value=down, duration=None>
159.3403 	EXP 	New trial (rep=98, index=0): <Trial 98 (0 in rep 98) data={'thisN': 98, 'thisTrialN': 0, 'thisRepN': 98}>
159.3417 	DATA 	Keypress: down
159.3562 	EXP 	fixation: autoDraw = False
159.3562 	EXP 	grating: autoDraw = False
159.3562 	EXP 	grating: ori = np.float64(-2.0)
159.3562 	EXP 	fixation: autoDraw = True
159.5568 	EXP 	Device response: <KeyPress from None: t=159.3384689000668, value=down, duration=0.2012475999072194>
160.3559 	INFO 	Keyboard events cleared
160.3556 	EXP 	fixation: autoDraw = False
160.3556 	EXP 	grating: autoDraw = True
160.6559 	EXP 	grating: autoDraw = False
160.9564 	EXP 	Device response: <KeyPress from None: t=160.95514259999618, value=down, duration=None>
160.9569 	EXP 	New trial (rep=99, index=0): <Trial 99 (0 in rep 99) data={'thisN': 99, 'thisTrialN': 0, 'thisRepN': 99}>
160.9584 	DATA 	Keypress: down
160.9723 	EXP 	fixation: autoDraw = False
160.9723 	EXP 	grating: autoDraw = False
160.9723 	EXP 	grating: ori = np.float64(2.0)
160.9723 	EXP 	fixation: autoDraw = True
161.0560 	EXP 	Device response: <KeyPress from None: t=160.95514259999618, value=down, duration=0.09594340005423874>
161.9717 	INFO 	Keyboard events cleared
161.9716 	EXP 	fixation: autoDraw = False
161.9716 	EXP 	grating: autoDraw = True
162.2717 	EXP 	grating: autoDraw = False
162.4890 	EXP 	Device response: <KeyPress from None: t=162.48363470006734, value=down, duration=None>
162.4909 	DATA 	Keypress: down
162.5051 	EXP 	fixation: autoDraw = False
162.5051 	EXP 	grating: autoDraw = False
162.5053 	EXP 	orient_discrimination: status = STOPPED
162.5418 	INFO 	saved data to 'C:\\Users\\Admin\\OneDrive\\psychopy\\data\\1_orient_discrimination_2025-09-10_09h46.19.391.csv'
162.5439 	INFO 	saved data to C:\Users\Admin\OneDrive\psychopy\data\1_orient_discrimination_2025-09-10_09h46.19.391.psydat
162.9984 	WARNING 	Stopping key buffers but this could be dangerous ifother keyboards rely on the same.
